
[2017-03-02 15:20:23] [INFO] 一个info信息
[2017-03-02 15:20:23] [WARNING] 一个warning信息
[2017-03-02 15:20:23] [ERROR] 一个error信息
[2017-03-02 15:20:23] [CRITICAL] 一个致命critical信息
[2017-03-02 15:21:12] [INFO] 一个info信息
[2017-03-02 15:21:12] [WARNING] 一个warning信息
[2017-03-02 15:21:12] [ERROR] 一个error信息
[2017-03-02 15:21:12] [CRITICAL] 一个致命critical信息
[2017-03-02 15:21:49] [INFO] 一个info信息
[2017-03-02 15:21:49] [WARNING] 一个warning信息
[2017-03-02 15:21:49] [ERROR] 一个error信息
[2017-03-02 15:21:49] [CRITICAL] 一个致命critical信息
[2017-03-02 15:49:43] [ERROR] (1049, "Unknown database 'worktile'"),Traceback (most recent call last):
  File "D:/pyworkspace/xyc_worktile/app/common/db_connect.py", line 19, in get_conn
    self.conn = MySQLdb.connect(**self.db_info)
  File "D:\tools\Python27\venv\lib\site-packages\MySQLdb\__init__.py", line 81, in Connect
    return Connection(*args, **kwargs)
  File "D:\tools\Python27\venv\lib\site-packages\MySQLdb\connections.py", line 187, in __init__
    super(Connection, self).__init__(*args, **kwargs2)
OperationalError: (1049, "Unknown database 'worktile'")

[2017-03-02 17:12:30] [INFO] 该用户不存在!
[2017-03-02 17:12:30] [INFO] 该用户不存在!
[2017-03-02 17:12:35] [INFO] 该用户不存在!
[2017-03-02 17:12:35] [INFO] 该用户不存在!
[2017-03-02 17:40:04] [INFO] 用户名或密码错误!
[2017-03-02 17:40:04] [INFO] 用户名或密码错误!
[2017-03-02 17:40:55] [INFO] 用户名或密码错误!
[2017-03-02 17:40:55] [INFO] 用户名或密码错误!
[2017-03-02 17:40:59] [INFO] 用户名或密码错误!
[2017-03-02 17:40:59] [INFO] 用户名或密码错误!
[2017-03-02 17:41:56] [INFO] 用户名或密码错误!
[2017-03-02 17:41:56] [INFO] 用户名或密码错误!
[2017-03-02 17:42:00] [INFO] 用户名或密码错误!
[2017-03-02 17:42:00] [INFO] 用户名或密码错误!
[2017-03-02 17:42:11] [INFO] 用户名或密码错误!
[2017-03-02 17:42:11] [INFO] 用户名或密码错误!
[2017-03-02 17:43:50] [INFO] 用户名或密码错误!
[2017-03-02 17:43:50] [INFO] 用户名或密码错误!
[2017-03-02 17:46:35] [INFO] 用户名或密码错误!
[2017-03-02 17:46:35] [INFO] 用户名或密码错误!
[2017-03-02 17:46:40] [INFO] 用户名或密码错误!
[2017-03-02 17:46:40] [INFO] 用户名或密码错误!
[2017-03-02 17:46:59] [INFO] 用户名或密码错误!
[2017-03-02 17:46:59] [INFO] 用户名或密码错误!
[2017-03-02 17:48:47] [INFO] 用户名或密码错误!
[2017-03-02 17:48:47] [INFO] 用户名或密码错误!
[2017-03-02 17:49:45] [INFO] 用户名或密码错误!
[2017-03-02 17:49:45] [INFO] 用户名或密码错误!
[2017-03-02 17:49:49] [INFO] 用户名或密码错误!
[2017-03-02 17:49:49] [INFO] 用户名或密码错误!
[2017-03-02 17:50:07] [INFO] 用户名或密码错误!
[2017-03-02 17:50:07] [INFO] 用户名或密码错误!
[2017-03-02 17:50:10] [INFO] 用户名或密码错误!
[2017-03-02 17:50:10] [INFO] 用户名或密码错误!
[2017-03-02 17:50:19] [INFO] 用户名或密码错误!
[2017-03-02 17:50:19] [INFO] 用户名或密码错误!
[2017-03-02 18:31:58] [INFO] 用户名或密码错误!
[2017-03-02 18:31:58] [INFO] 用户名或密码错误!
[2017-03-02 18:32:26] [INFO] 用户名或密码错误!
[2017-03-02 18:32:26] [INFO] 用户名或密码错误!
[2017-03-02 18:32:38] [INFO] 用户名或密码错误!
[2017-03-02 18:32:38] [INFO] 用户名或密码错误!
[2017-03-02 18:33:48] [INFO] 用户名或密码错误!
[2017-03-02 18:33:48] [INFO] 用户名或密码错误!
[2017-03-02 18:34:35] [INFO] 用户名或密码错误!
[2017-03-02 18:34:35] [INFO] 用户名或密码错误!
[2017-03-02 18:35:20] [ERROR] 密码长度为6-20位,请重新设置!
[2017-03-02 18:35:20] [ERROR] 密码长度为6-20位,请重新设置!
[2017-03-02 18:35:34] [INFO] 用户名或密码错误!
[2017-03-02 18:35:34] [INFO] 用户名或密码错误!
[2017-03-02 18:35:39] [INFO] 用户名或密码错误!
[2017-03-02 18:35:39] [INFO] 用户名或密码错误!
[2017-03-02 18:37:16] [INFO] 用户名或密码错误!
[2017-03-02 18:37:16] [INFO] 用户名或密码错误!
[2017-03-02 18:38:30] [INFO] 用户名或密码错误!
[2017-03-02 18:38:30] [INFO] 用户名或密码错误!
[2017-03-02 18:41:23] [INFO] 用户名或密码错误!
[2017-03-02 18:41:23] [INFO] 用户名或密码错误!
[2017-03-02 18:41:33] [ERROR] 新密码不能与旧密码相同!
[2017-03-02 18:41:33] [ERROR] 新密码不能与旧密码相同!
[2017-03-02 18:41:37] [ERROR] 新密码不能与旧密码相同!
[2017-03-02 18:41:37] [ERROR] 新密码不能与旧密码相同!
[2017-03-02 18:41:39] [ERROR] 新密码不能与旧密码相同!
[2017-03-02 18:41:39] [ERROR] 新密码不能与旧密码相同!
[2017-03-02 18:41:48] [INFO] 用户名或密码错误!
[2017-03-02 18:41:48] [INFO] 用户名或密码错误!
[2017-03-02 18:42:56] [INFO] 用户名或密码错误!
[2017-03-02 18:42:56] [INFO] 用户名或密码错误!
[2017-03-02 18:42:59] [INFO] 用户名或密码错误!
[2017-03-02 18:42:59] [INFO] 用户名或密码错误!
[2017-03-02 18:45:19] [ERROR] 新密码不能与旧密码相同!
[2017-03-02 18:45:19] [ERROR] 新密码不能与旧密码相同!
